<?xml version="1.0" encoding="UTF-8"?>
<testsuite name="BottleSongTest" tests="7" skipped="6" failures="0" errors="0" timestamp="2024-01-06T15:34:25" hostname="DESKTOP-IOE9NBG" time="0.103">
  <properties/>
  <testcase name="lastThreeVerses" classname="BottleSongTest" time="0.004">
    <skipped/>
  </testcase>
  <testcase name="lastGenericVerse" classname="BottleSongTest" time="0.0">
    <skipped/>
  </testcase>
  <testcase name="allVerses" classname="BottleSongTest" time="0.0">
    <skipped/>
  </testcase>
  <testcase name="verseWithOneBottle" classname="BottleSongTest" time="0.0">
    <skipped/>
  </testcase>
  <testcase name="verseWithTwoBottles" classname="BottleSongTest" time="0.0">
    <skipped/>
  </testcase>
  <testcase name="firstGenericVerse" classname="BottleSongTest" time="0.094"/>
  <testcase name="firstTwoVerses" classname="BottleSongTest" time="0.0">
    <skipped/>
  </testcase>
  <system-out><![CDATA[]]></system-out>
  <system-err><![CDATA[]]></system-err>
</testsuite>
